EtxtBook/proguard/mapping.txt
com.android.ebook.BaseActivity -> com.android.ebook.a:
    13:14:void onCreate(android.os.Bundle) -> onCreate
    19:20:void onStart() -> onStart
    25:26:void onStop() -> onStop
    38:38:void sendScreenName(java.lang.String) -> a
com.android.ebook.MainActivity -> com.android.ebook.MainActivity:
    net.simonvt.menudrawer.MenuDrawer mMenu_left -> c
    android.widget.ImageView bt_clearcache -> d
    java.util.List booklist -> e
    android.widget.GridView gv_desk -> f
    com.android.ebook.MainActivity$BookAdapter mBookAdapter -> g
    android.widget.ImageView iv_addbook -> h
    com.android.ebook.data.BookData mBookData -> i
    android.content.Context context -> j
    android.widget.TextView tv_Msg -> k
    java.util.List removebooklist -> l
    com.android.ebook.ui.FileView mFileView -> a
    android.widget.LinearLayout mAd_container -> b
    com.google.android.gms.ads.AdView adView -> m
    java.lang.String MY_AD_UNIT_ID -> n
    68:186:void onCreate(android.os.Bundle) -> onCreate
    190:210:void onResume() -> onResume
    214:217:void onPause() -> onPause
    222:226:void onDestroy() -> onDestroy
    229:247:void initAds() -> a
    278:281:void notifyDataSetChanged() -> b
    284:292:void showAppMsg() -> c
    294:301:boolean checkbookIsExists(com.android.ebook.data.Book) -> a
    304:352:void showclearDialog() -> d
    355:378:void ShowClearAllBookData() -> e
    381:415:void ShowTipDeleteBook() -> f
    494:500:boolean onKeyDown(int,android.view.KeyEvent) -> onKeyDown
    54:54:java.util.List access$0(com.android.ebook.MainActivity) -> a
    56:56:com.android.ebook.MainActivity$BookAdapter access$1(com.android.ebook.MainActivity) -> b
com.android.ebook.MainActivity$1 -> com.android.ebook.b:
    com.android.ebook.MainActivity this$0 -> a
    90:128:void onItemClick(android.widget.AdapterView,android.view.View,int,long) -> onItemClick
com.android.ebook.MainActivity$10 -> com.android.ebook.c:
    com.android.ebook.MainActivity this$0 -> a
    362:367:void onClick(android.content.DialogInterface,int) -> onClick
com.android.ebook.MainActivity$11 -> com.android.ebook.d:
    com.android.ebook.MainActivity this$0 -> a
    374:375:void onClick(android.content.DialogInterface,int) -> onClick
com.android.ebook.MainActivity$12 -> com.android.ebook.e:
    com.android.ebook.MainActivity this$0 -> a
    388:404:void onClick(android.content.DialogInterface,int) -> onClick
com.android.ebook.MainActivity$13 -> com.android.ebook.f:
    com.android.ebook.MainActivity this$0 -> a
    411:412:void onClick(android.content.DialogInterface,int) -> onClick
com.android.ebook.MainActivity$2 -> com.android.ebook.g:
    com.android.ebook.MainActivity this$0 -> a
    136:147:void onClick(android.view.View) -> onClick
com.android.ebook.MainActivity$3 -> com.android.ebook.h:
    com.android.ebook.MainActivity this$0 -> a
    155:160:void onClick(android.view.View) -> onClick
com.android.ebook.MainActivity$4 -> com.android.ebook.i:
    com.android.ebook.MainActivity this$0 -> a
    168:183:void selectedFile(com.android.ebook.filebrowser.FileItem) -> a
com.android.ebook.MainActivity$5 -> com.android.ebook.j:
    com.android.ebook.MainActivity this$0 -> a
    200:208:void run() -> run
    194:194:com.android.ebook.MainActivity access$0(com.android.ebook.MainActivity$5) -> a
com.android.ebook.MainActivity$5$1 -> com.android.ebook.k:
    com.android.ebook.MainActivity$5 this$1 -> a
    204:205:void run() -> run
com.android.ebook.MainActivity$6 -> com.android.ebook.l:
    com.android.ebook.MainActivity this$0 -> a
    243:244:void onAdOpened() -> a
com.android.ebook.MainActivity$7 -> com.android.ebook.m:
    com.android.ebook.MainActivity this$0 -> a
    312:315:android.view.View getView(int,android.view.View,android.view.ViewGroup) -> getView
com.android.ebook.MainActivity$8 -> com.android.ebook.n:
    com.android.ebook.MainActivity this$0 -> a
    325:341:void onClick(android.content.DialogInterface,int) -> onClick
...
android.support.v4.app.BackStackState$1 -> android.support.v4.app.d:
    160:160:android.support.v4.app.BackStackState createFromParcel(android.os.Parcel) -> a
    164:164:android.support.v4.app.BackStackState[] newArray(int) -> a
    158:158:java.lang.Object[] newArray(int) -> newArray
    158:158:java.lang.Object createFromParcel(android.os.Parcel) -> createFromParcel
android.support.v4.app.Fragment -> android.support.v4.app.Fragment:
    android.support.v4.util.SimpleArrayMap sClassMap -> P
    int mState -> a
    android.view.View mAnimatingAway -> b
    int mStateAfterAnimating -> c
    android.os.Bundle mSavedFragmentState -> d
    android.util.SparseArray mSavedViewState -> e
    int mIndex -> f
    java.lang.String mWho -> g
    android.os.Bundle mArguments -> h
    android.support.v4.app.Fragment mTarget -> i
    int mTargetIndex -> j
    int mTargetRequestCode -> k
    boolean mAdded -> l
    boolean mRemoving -> m
    boolean mResumed -> n
    boolean mFromLayout -> o
    boolean mInLayout -> p
    boolean mRestored -> q
    int mBackStackNesting -> r
    android.support.v4.app.FragmentManagerImpl mFragmentManager -> s
    android.support.v4.app.FragmentActivity mActivity -> t
    android.support.v4.app.FragmentManagerImpl mChildFragmentManager -> u
    android.support.v4.app.Fragment mParentFragment -> v
    int mFragmentId -> w
    int mContainerId -> x
    java.lang.String mTag -> y
    boolean mHidden -> z
    boolean mDetached -> A
    boolean mRetainInstance -> B
    boolean mRetaining -> C
    boolean mHasMenu -> D
    boolean mMenuVisible -> E
    boolean mCalled -> F
    int mNextAnim -> G
    android.view.ViewGroup mContainer -> H
    android.view.View mView -> I
    android.view.View mInnerView -> J
    boolean mDeferStart -> K
    boolean mUserVisibleHint -> L
android.support.v4.app.Fragment$1 -> android.support.v4.app.e:
    android.support.v4.app.Fragment this$0 -> a
    1464:1467:android.view.View findViewById(int) -> a
android.support.v4.app.Fragment$InstantiationException -> android.support.v4.app.f:
android.support.v4.app.Fragment$SavedState -> android.support.v4.app.Fragment$SavedState:
    android.os.Bundle mState -> a
    android.os.Parcelable$Creator CREATOR -> CREATOR
    322:322:int describeContents() -> describeContents
    327:328:void writeToParcel(android.os.Parcel,int) -> writeToParcel
android.support.v4.app.Fragment$SavedState$1 -> android.support.v4.app.g:
    333:333:android.support.v4.app.Fragment$SavedState createFromParcel(android.os.Parcel) -> a
    337:337:android.support.v4.app.Fragment$SavedState[] newArray(int) -> a
    331:331:java.lang.Object[] newArray(int) -> newArray
    331:331:java.lang.Object createFromParcel(android.os.Parcel) -> createFromParcel